<?xml version="1.0" encoding="UTF-8"?>
<!-- Generated by org.testng.reporters.JUnitReportReporter -->
<testsuite hostname="Mohans-MacBook-Pro.local" failures="0" tests="1" name="uiBank.Runner" time="39.390" errors="0" timestamp="2025-08-31T14:33:31 CDT" skipped="0">
  <testcase classname="uiBank.Runner" name="login" time="39.390"/>
  <system-out/>
</testsuite> <!-- uiBank.Runner -->
